[debug] [2017-06-21T07:52:01.907Z] ----------------------------------------------------------------------
[debug] [2017-06-21T07:52:01.912Z] Command:      C:\Program Files\nodejs\node.exe C:\Users\nana\AppData\Roaming\npm\node_modules\firebase-tools\bin\firebase serve -p 8081
[debug] [2017-06-21T07:52:01.913Z] CLI Version:  3.9.1
[debug] [2017-06-21T07:52:01.913Z] Platform:     win32
[debug] [2017-06-21T07:52:01.913Z] Node Version: v6.10.0
[debug] [2017-06-21T07:52:01.914Z] Time:         Wed Jun 21 2017 14:52:01 GMT+0700 (SE Asia Standard Time)
[debug] [2017-06-21T07:52:01.914Z] ----------------------------------------------------------------------
[debug] 
[debug] [2017-06-21T07:52:01.933Z] > command requires scopes: ["email","openid","https://www.googleapis.com/auth/cloudplatformprojects.readonly","https://www.googleapis.com/auth/firebase","https://www.googleapis.com/auth/cloud-platform"]
[debug] [2017-06-21T07:52:01.933Z] > authorizing via signed-in user
[debug] [2017-06-21T07:52:01.936Z] > refreshing access token with scopes: ["email","https://www.googleapis.com/auth/cloud-platform","https://www.googleapis.com/auth/cloudplatformprojects.readonly","https://www.googleapis.com/auth/firebase","openid"]
[debug] [2017-06-21T07:52:01.936Z] >>> HTTP REQUEST POST https://www.googleapis.com/oauth2/v3/token { refresh_token: '1/ZGthh1ssP-mOfS3oUT6FAWWGwEn78UD3-frCfIYWk0c',
  client_id: '563584335869-fgrhgmd47bqnekij5i8b5pr03ho849e6.apps.googleusercontent.com',
  client_secret: 'j9iVZfS8kkCEFUPaAeJV0sAi',
  grant_type: 'refresh_token',
  scope: 'email https://www.googleapis.com/auth/cloud-platform https://www.googleapis.com/auth/cloudplatformprojects.readonly https://www.googleapis.com/auth/firebase openid' } 
 Wed Jun 21 2017 14:52:01 GMT+0700 (SE Asia Standard Time)
[debug] [2017-06-21T07:52:02.148Z] <<< HTTP RESPONSE 200
[debug] [2017-06-21T07:52:02.195Z] >>> HTTP REQUEST GET https://admin.firebase.com/v1/projects/catatani-ba229  
 Wed Jun 21 2017 14:52:02 GMT+0700 (SE Asia Standard Time)
[debug] [2017-06-21T07:52:03.364Z] <<< HTTP RESPONSE 200
[debug] [2017-06-21T07:52:03.368Z] >>> HTTP REQUEST GET https://admin.firebase.com/v1/database/catatani-ba229/tokens  
 Wed Jun 21 2017 14:52:03 GMT+0700 (SE Asia Standard Time)
[debug] [2017-06-21T07:52:04.205Z] <<< HTTP RESPONSE 200
[info] 
[info] === Serving from 'E:\Framework7-1.5.3\crossDov\www'...
[info] 
[debug] [2017-06-21T07:52:04.211Z] >>> HTTP REQUEST GET https://cloudresourcemanager.googleapis.com/v1/projects/catatani-ba229  
 Wed Jun 21 2017 14:52:04 GMT+0700 (SE Asia Standard Time)
[debug] [2017-06-21T07:52:05.552Z] <<< HTTP RESPONSE 200
[debug] [2017-06-21T07:52:05.553Z] >>> HTTP REQUEST GET https://mobilesdk-pa.googleapis.com/v1/projects/182449567513/clients/_:getWebAppConfig  
 Wed Jun 21 2017 14:52:05 GMT+0700 (SE Asia Standard Time)
[debug] [2017-06-21T07:52:06.216Z] <<< HTTP RESPONSE 200
[info] i  hosting: Serving hosting files from: public
[info] +  hosting: Local server: http://localhost:8081

